[2026-06-30 17:19:35] insert transaction:  | Data: Array
(
    [booking_reference] => 1569
    [customer_id] => 65
    [payment_id] => 65
    [total_adults] => 3
    [total_children] => 0
    [total_infants] => 0
    [total_guests] => 3
    [total_nights] => 7
    [quotation_id] => 70
    [flywire_transaction_id] => 
    [flywire_payment_method] => 
    [flywire_status] => 
    [transaction_mode] => live
)


[2026-06-30 17:20:50] insert transaction:  | Data: Array
(
    [booking_reference] => 1570
    [customer_id] => 66
    [payment_id] => 66
    [total_adults] => 3
    [total_children] => 0
    [total_infants] => 0
    [total_guests] => 3
    [total_nights] => 7
    [quotation_id] => 71
    [flywire_transaction_id] => 
    [flywire_payment_method] => 
    [flywire_status] => 
    [transaction_mode] => live
)


[2026-06-30 17:55:32] insert transaction:  | Data: Array
(
    [booking_reference] => 1571
    [customer_id] => 67
    [payment_id] => 67
    [total_adults] => 2
    [total_children] => 0
    [total_infants] => 0
    [total_guests] => 2
    [total_nights] => 7
    [quotation_id] => 72
    [flywire_transaction_id] => 
    [flywire_payment_method] => 
    [flywire_status] => 
    [transaction_mode] => live
)


[2026-06-30 18:01:19] insert transaction:  | Data: Array
(
    [booking_reference] => 1572
    [customer_id] => 68
    [payment_id] => 68
    [total_adults] => 2
    [total_children] => 0
    [total_infants] => 0
    [total_guests] => 2
    [total_nights] => 7
    [quotation_id] => 73
    [flywire_transaction_id] => 
    [flywire_payment_method] => 
    [flywire_status] => 
    [transaction_mode] => live
)


[2026-06-30 18:02:27] insert transaction:  | Data: Array
(
    [booking_reference] => 1573
    [customer_id] => 69
    [payment_id] => 69
    [total_adults] => 2
    [total_children] => 0
    [total_infants] => 0
    [total_guests] => 2
    [total_nights] => 7
    [quotation_id] => 74
    [flywire_transaction_id] => 
    [flywire_payment_method] => 
    [flywire_status] => 
    [transaction_mode] => live
)


[2026-06-30 18:16:19] insert transaction:  | Data: Array
(
    [booking_reference] => 1574
    [customer_id] => 70
    [payment_id] => 70
    [total_adults] => 2
    [total_children] => 0
    [total_infants] => 0
    [total_guests] => 2
    [total_nights] => 7
    [quotation_id] => 75
    [flywire_transaction_id] => 
    [flywire_payment_method] => 
    [flywire_status] => 
    [transaction_mode] => live
)


[2026-06-30 18:18:28] insert transaction:  | Data: Array
(
    [booking_reference] => 1575
    [customer_id] => 71
    [payment_id] => 71
    [total_adults] => 2
    [total_children] => 0
    [total_infants] => 0
    [total_guests] => 2
    [total_nights] => 7
    [quotation_id] => 76
    [flywire_transaction_id] => 
    [flywire_payment_method] => 
    [flywire_status] => 
    [transaction_mode] => live
)


[2026-06-30 18:39:09] insert transaction:  | Data: Array
(
    [booking_reference] => 1578
    [customer_id] => 72
    [payment_id] => 72
    [total_adults] => 2
    [total_children] => 0
    [total_infants] => 0
    [total_guests] => 2
    [total_nights] => 7
    [quotation_id] => 79
    [flywire_transaction_id] => 
    [flywire_payment_method] => 
    [flywire_status] => 
    [transaction_mode] => live
)


[2026-06-30 18:40:28] insert transaction:  | Data: Array
(
    [booking_reference] => 1579
    [customer_id] => 73
    [payment_id] => 73
    [total_adults] => 2
    [total_children] => 0
    [total_infants] => 0
    [total_guests] => 2
    [total_nights] => 7
    [quotation_id] => 80
    [flywire_transaction_id] => 
    [flywire_payment_method] => 
    [flywire_status] => 
    [transaction_mode] => live
)


[2026-06-30 18:42:08] insert transaction:  | Data: Array
(
    [booking_reference] => 1580
    [customer_id] => 74
    [payment_id] => 74
    [total_adults] => 2
    [total_children] => 0
    [total_infants] => 0
    [total_guests] => 2
    [total_nights] => 7
    [quotation_id] => 81
    [flywire_transaction_id] => 
    [flywire_payment_method] => 
    [flywire_status] => 
    [transaction_mode] => live
)


[2026-06-30 18:44:42] insert transaction:  | Data: Array
(
    [booking_reference] => 1581
    [customer_id] => 75
    [payment_id] => 75
    [total_adults] => 2
    [total_children] => 0
    [total_infants] => 0
    [total_guests] => 2
    [total_nights] => 7
    [quotation_id] => 82
    [flywire_transaction_id] => 
    [flywire_payment_method] => 
    [flywire_status] => 
    [transaction_mode] => live
)


[2026-06-30 18:49:55] insert transaction:  | Data: Array
(
    [booking_reference] => 1582
    [customer_id] => 76
    [payment_id] => 76
    [total_adults] => 2
    [total_children] => 0
    [total_infants] => 0
    [total_guests] => 2
    [total_nights] => 7
    [quotation_id] => 83
    [flywire_transaction_id] => 
    [flywire_payment_method] => 
    [flywire_status] => 
    [transaction_mode] => live
)


[2026-06-30 18:51:49] insert transaction:  | Data: Array
(
    [booking_reference] => 1583
    [customer_id] => 77
    [payment_id] => 77
    [total_adults] => 2
    [total_children] => 0
    [total_infants] => 0
    [total_guests] => 2
    [total_nights] => 7
    [quotation_id] => 84
    [flywire_transaction_id] => 
    [flywire_payment_method] => 
    [flywire_status] => 
    [transaction_mode] => sandbox
)


[2026-06-30 18:59:35] insert transaction:  | Data: Array
(
    [booking_reference] => 1584
    [customer_id] => 78
    [payment_id] => 78
    [total_adults] => 2
    [total_children] => 0
    [total_infants] => 0
    [total_guests] => 2
    [total_nights] => 7
    [quotation_id] => 85
    [flywire_transaction_id] => 
    [flywire_payment_method] => 
    [flywire_status] => 
    [transaction_mode] => live
)


[2026-06-30 19:27:52] insert transaction:  | Data: Array
(
    [booking_reference] => 26371
    [customer_id] => 79
    [payment_id] => 79
    [total_adults] => 2
    [total_children] => 0
    [total_infants] => 0
    [total_guests] => 2
    [total_nights] => 7
    [quotation_id] => 25306
    [flywire_transaction_id] => 
    [flywire_payment_method] => 
    [flywire_status] => 
    [transaction_mode] => live
)


[2026-06-30 19:30:50] insert transaction:  | Data: Array
(
    [booking_reference] => 26372
    [customer_id] => 80
    [payment_id] => 80
    [total_adults] => 2
    [total_children] => 0
    [total_infants] => 0
    [total_guests] => 2
    [total_nights] => 7
    [quotation_id] => 25307
    [flywire_transaction_id] => 
    [flywire_payment_method] => 
    [flywire_status] => 
    [transaction_mode] => live
)


[2026-06-30 19:49:11] insert transaction:  | Data: Array
(
    [booking_reference] => 26373
    [customer_id] => 81
    [payment_id] => 81
    [total_adults] => 2
    [total_children] => 0
    [total_infants] => 0
    [total_guests] => 2
    [total_nights] => 7
    [quotation_id] => 25308
    [flywire_transaction_id] => 
    [flywire_payment_method] => 
    [flywire_status] => 
    [transaction_mode] => live
)


[2026-06-30 19:54:01] insert transaction:  | Data: Array
(
    [booking_reference] => 26374
    [customer_id] => 82
    [payment_id] => 82
    [total_adults] => 2
    [total_children] => 0
    [total_infants] => 0
    [total_guests] => 2
    [total_nights] => 7
    [quotation_id] => 25309
    [flywire_transaction_id] => 
    [flywire_payment_method] => 
    [flywire_status] => 
    [transaction_mode] => live
)


[2026-06-30 20:00:35] insert transaction:  | Data: Array
(
    [booking_reference] => 26375
    [customer_id] => 83
    [payment_id] => 83
    [total_adults] => 2
    [total_children] => 0
    [total_infants] => 0
    [total_guests] => 2
    [total_nights] => 7
    [quotation_id] => 25310
    [flywire_transaction_id] => 
    [flywire_payment_method] => 
    [flywire_status] => 
    [transaction_mode] => live
)


[2026-06-30 20:01:10] insert transaction:  | Data: Array
(
    [booking_reference] => 26376
    [customer_id] => 84
    [payment_id] => 84
    [total_adults] => 2
    [total_children] => 0
    [total_infants] => 0
    [total_guests] => 2
    [total_nights] => 7
    [quotation_id] => 25311
    [flywire_transaction_id] => 
    [flywire_payment_method] => 
    [flywire_status] => 
    [transaction_mode] => live
)


[2026-06-30 20:01:42] insert transaction:  | Data: Array
(
    [booking_reference] => 26377
    [customer_id] => 85
    [payment_id] => 85
    [total_adults] => 2
    [total_children] => 0
    [total_infants] => 0
    [total_guests] => 2
    [total_nights] => 7
    [quotation_id] => 25312
    [flywire_transaction_id] => 
    [flywire_payment_method] => 
    [flywire_status] => 
    [transaction_mode] => live
)


[2026-06-30 20:02:19] insert transaction:  | Data: Array
(
    [booking_reference] => 26378
    [customer_id] => 86
    [payment_id] => 86
    [total_adults] => 2
    [total_children] => 0
    [total_infants] => 0
    [total_guests] => 2
    [total_nights] => 7
    [quotation_id] => 25313
    [flywire_transaction_id] => 
    [flywire_payment_method] => 
    [flywire_status] => 
    [transaction_mode] => live
)


[2026-06-30 20:08:47] insert transaction:  | Data: Array
(
    [booking_reference] => 26380
    [customer_id] => 87
    [payment_id] => 87
    [total_adults] => 2
    [total_children] => 0
    [total_infants] => 0
    [total_guests] => 2
    [total_nights] => 7
    [quotation_id] => 25315
    [flywire_transaction_id] => 
    [flywire_payment_method] => 
    [flywire_status] => 
    [transaction_mode] => live
)


[2026-06-30 20:09:59] insert transaction:  | Data: Array
(
    [booking_reference] => 26381
    [customer_id] => 88
    [payment_id] => 88
    [total_adults] => 2
    [total_children] => 0
    [total_infants] => 0
    [total_guests] => 2
    [total_nights] => 7
    [quotation_id] => 25316
    [flywire_transaction_id] => 
    [flywire_payment_method] => 
    [flywire_status] => 
    [transaction_mode] => live
)


[2026-06-30 20:13:32] insert transaction:  | Data: Array
(
    [booking_reference] => 26382
    [customer_id] => 89
    [payment_id] => 89
    [total_adults] => 2
    [total_children] => 0
    [total_infants] => 0
    [total_guests] => 2
    [total_nights] => 7
    [quotation_id] => 25317
    [flywire_transaction_id] => 
    [flywire_payment_method] => 
    [flywire_status] => 
    [transaction_mode] => live
)


[2026-06-30 20:34:00] insert transaction:  | Data: Array
(
    [booking_reference] => 26383
    [customer_id] => 90
    [payment_id] => 90
    [total_adults] => 2
    [total_children] => 0
    [total_infants] => 0
    [total_guests] => 2
    [total_nights] => 7
    [quotation_id] => 25318
    [flywire_transaction_id] => 
    [flywire_payment_method] => 
    [flywire_status] => 
    [transaction_mode] => live
)


[2026-06-30 20:39:53] insert transaction:  | Data: Array
(
    [booking_reference] => 26384
    [customer_id] => 91
    [payment_id] => 91
    [total_adults] => 1
    [total_children] => 0
    [total_infants] => 0
    [total_guests] => 1
    [total_nights] => 7
    [quotation_id] => 25319
    [flywire_transaction_id] => 
    [flywire_payment_method] => 
    [flywire_status] => 
    [transaction_mode] => live
)


[2026-06-30 20:40:24] insert transaction:  | Data: Array
(
    [booking_reference] => 26385
    [customer_id] => 92
    [payment_id] => 92
    [total_adults] => 2
    [total_children] => 0
    [total_infants] => 0
    [total_guests] => 2
    [total_nights] => 7
    [quotation_id] => 25320
    [flywire_transaction_id] => 
    [flywire_payment_method] => 
    [flywire_status] => 
    [transaction_mode] => live
)


[2026-06-30 20:40:56] insert transaction:  | Data: Array
(
    [booking_reference] => 26386
    [customer_id] => 93
    [payment_id] => 93
    [total_adults] => 2
    [total_children] => 0
    [total_infants] => 0
    [total_guests] => 2
    [total_nights] => 7
    [quotation_id] => 25321
    [flywire_transaction_id] => 
    [flywire_payment_method] => 
    [flywire_status] => 
    [transaction_mode] => live
)


[2026-06-30 20:45:09] insert transaction:  | Data: Array
(
    [booking_reference] => 26387
    [customer_id] => 94
    [payment_id] => 94
    [total_adults] => 2
    [total_children] => 0
    [total_infants] => 0
    [total_guests] => 2
    [total_nights] => 7
    [quotation_id] => 25322
    [flywire_transaction_id] => 
    [flywire_payment_method] => 
    [flywire_status] => 
    [transaction_mode] => live
)


[2026-06-30 20:58:10] insert transaction:  | Data: Array
(
    [booking_reference] => 1587
    [customer_id] => 95
    [payment_id] => 95
    [total_adults] => 1
    [total_children] => 0
    [total_infants] => 0
    [total_guests] => 1
    [total_nights] => 7
    [quotation_id] => 88
    [flywire_transaction_id] => 
    [flywire_payment_method] => 
    [flywire_status] => 
    [transaction_mode] => live
)


[2026-06-30 21:18:26] insert transaction:  | Data: Array
(
    [booking_reference] => 1590
    [customer_id] => 96
    [payment_id] => 96
    [total_adults] => 1
    [total_children] => 0
    [total_infants] => 0
    [total_guests] => 1
    [total_nights] => 7
    [quotation_id] => 91
    [flywire_transaction_id] => 
    [flywire_payment_method] => 
    [flywire_status] => 
    [transaction_mode] => live
)


[2026-06-30 21:19:11] insert transaction:  | Data: Array
(
    [booking_reference] => 1591
    [customer_id] => 97
    [payment_id] => 97
    [total_adults] => 2
    [total_children] => 0
    [total_infants] => 0
    [total_guests] => 2
    [total_nights] => 7
    [quotation_id] => 92
    [flywire_transaction_id] => 
    [flywire_payment_method] => 
    [flywire_status] => 
    [transaction_mode] => live
)


